[0819/011422:ERROR:process_info.cc(330)] VirtualQueryEx: Access is denied. (0x5)
[0819/011422:ERROR:process_info.cc(547)] ReadMemoryInfo failed
[0819/011422:ERROR:process_info.cc(608)] range at 0x7ff983385200, size 0x40 fully unreadable
[0819/011422:ERROR:process_info.cc(608)] range at 0x7ff983351410, size 0x12 fully unreadable
[0819/011422:ERROR:process_info.cc(608)] range at 0x7ff983351410, size 0x12 fully unreadable
[0819/011422:ERROR:process_info.cc(608)] range at 0x7ff983351410, size 0x12 fully unreadable
[0819/011422:ERROR:process_info.cc(608)] range at 0x15cb3fa000000000, size 0x1cb fully unreadable
[0819/011422:ERROR:process_info.cc(608)] range at 0x15cb400600000000, size 0x1cb fully unreadable
[0819/011422:ERROR:process_info.cc(608)] range at 0x0, size 0x1cb fully unreadable
[0819/011422:ERROR:process_info.cc(608)] range at 0x7ff9833821e0, size 0x28 fully unreadable
[0819/011422:ERROR:process_info.cc(608)] range at 0x7ff983382d48, size 0x30 fully unreadable
[0819/011422:ERROR:process_reader_win.cc(233)] ReadMemory at 0x7ff97c450000 of 64 bytes failed: Only part of a ReadProcessMemory or WriteProcessMemory request was completed. (0x12B)
[0819/011422:WARNING:pe_image_reader.cc(281)] could not read dos header from C:\Windows\SYSTEM32\USP10.dll
[0819/011422:ERROR:process_reader_win.cc(233)] ReadMemory at 0x7ff9470a0000 of 64 bytes failed: Only part of a ReadProcessMemory or WriteProcessMemory request was completed. (0x12B)
[0819/011422:WARNING:pe_image_reader.cc(281)] could not read dos header from C:\Program Files (x86)\Google\Chrome\Application\52.0.2743.116\chrome_child.dll
[0819/011422:ERROR:process_reader_win.cc(233)] ReadMemory at 0x7ff978890000 of 64 bytes failed: Only part of a ReadProcessMemory or WriteProcessMemory request was completed. (0x12B)
[0819/011422:WARNING:pe_image_reader.cc(281)] could not read dos header from C:\Windows\SYSTEM32\dwrite.dll
[0819/011422:ERROR:process_reader_win.cc(233)] ReadMemory at 0x7ff6e6bc0000 of 64 bytes failed: Only part of a ReadProcessMemory or WriteProcessMemory request was completed. (0x12B)
[0819/011422:WARNING:pe_image_reader.cc(281)] could not read dos header from C:\Program Files (x86)\Google\Chrome\Application\chrome.exe
[0819/011422:ERROR:process_reader_win.cc(233)] ReadMemory at 0x7ff9802e0000 of 64 bytes failed: Only part of a ReadProcessMemory or WriteProcessMemory request was completed. (0x12B)
[0819/011422:WARNING:pe_image_reader.cc(281)] could not read dos header from C:\Windows\system32\KERNELBASE.dll
[0819/011422:ERROR:process_reader_win.cc(233)] ReadMemory at 0x7ff97ff40000 of 64 bytes failed: Only part of a ReadProcessMemory or WriteProcessMemory request was completed. (0x12B)
[0819/011422:WARNING:pe_image_reader.cc(281)] could not read dos header from C:\Windows\system32\bcryptPrimitives.dll
[0819/011422:ERROR:process_reader_win.cc(233)] ReadMemory at 0x7ff97f360000 of 64 bytes failed: Only part of a ReadProcessMemory or WriteProcessMemory request was completed. (0x12B)
[0819/011422:WARNING:pe_image_reader.cc(281)] could not read dos header from C:\Windows\SYSTEM32\CRYPTBASE.DLL
[0819/011422:ERROR:process_reader_win.cc(233)] ReadMemory at 0x7ff97bd20000 of 64 bytes failed: Only part of a ReadProcessMemory or WriteProcessMemory request was completed. (0x12B)
[0819/011422:WARNING:pe_image_reader.cc(281)] could not read dos header from C:\Program Files (x86)\Google\Chrome\Application\52.0.2743.116\chrome_elf.dll
[0819/011422:ERROR:process_reader_win.cc(233)] ReadMemory at 0x7ff97c780000 of 64 bytes failed: Only part of a ReadProcessMemory or WriteProcessMemory request was completed. (0x12B)
[0819/011422:WARNING:pe_image_reader.cc(281)] could not read dos header from C:\Windows\SYSTEM32\VERSION.dll
[0819/011422:ERROR:process_reader_win.cc(233)] ReadMemory at 0x7ff97dab0000 of 64 bytes failed: Only part of a ReadProcessMemory or WriteProcessMemory request was completed. (0x12B)
[0819/011422:WARNING:pe_image_reader.cc(281)] could not read dos header from C:\Windows\SYSTEM32\WINMMBASE.dll
[0819/011422:ERROR:process_reader_win.cc(233)] ReadMemory at 0x7ff97dae0000 of 64 bytes failed: Only part of a ReadProcessMemory or WriteProcessMemory request was completed. (0x12B)
[0819/011422:WARNING:pe_image_reader.cc(281)] could not read dos header from C:\Windows\SYSTEM32\WINMM.dll
[0819/011422:ERROR:process_reader_win.cc(233)] ReadMemory at 0x7ff97f860000 of 64 bytes failed: Only part of a ReadProcessMemory or WriteProcessMemory request was completed. (0x12B)
[0819/011422:WARNING:pe_image_reader.cc(281)] could not read dos header from C:\Windows\system32\profapi.dll
[0819/011422:ERROR:process_reader_win.cc(233)] ReadMemory at 0x7ff97f020000 of 64 bytes failed: Only part of a ReadProcessMemory or WriteProcessMemory request was completed. (0x12B)
[0819/011422:WARNING:pe_image_reader.cc(281)] could not read dos header from C:\Windows\SYSTEM32\USERENV.dll
[0819/011422:ERROR:process_reader_win.cc(233)] ReadMemory at 0x7ff97cf10000 of 64 bytes failed: Only part of a ReadProcessMemory or WriteProcessMemory request was completed. (0x12B)
[0819/011422:WARNING:pe_image_reader.cc(281)] could not read dos header from C:\Windows\SYSTEM32\WTSAPI32.dll
[0819/011422:ERROR:process_reader_win.cc(233)] ReadMemory at 0x7ff97c8c0000 of 64 bytes failed: Only part of a ReadProcessMemory or WriteProcessMemory request was completed. (0x12B)
[0819/011422:WARNING:pe_image_reader.cc(281)] could not read dos header from C:\Windows\SYSTEM32\WINHTTP.dll
[0819/011422:ERROR:process_reader_win.cc(233)] ReadMemory at 0x7ff9806c0000 of 64 bytes failed: Only part of a ReadProcessMemory or WriteProcessMemory request was completed. (0x12B)
[0819/011422:WARNING:pe_image_reader.cc(281)] could not read dos header from C:\Windows\system32\combase.dll
[0819/011422:ERROR:process_reader_win.cc(233)] ReadMemory at 0x7ff980660000 of 64 bytes failed: Only part of a ReadProcessMemory or WriteProcessMemory request was completed. (0x12B)
[0819/011422:WARNING:pe_image_reader.cc(281)] could not read dos header from C:\Windows\system32\shlwapi.dll
[0819/011422:ERROR:process_reader_win.cc(233)] ReadMemory at 0x7ff97f8d0000 of 64 bytes failed: Only part of a ReadProcessMemory or WriteProcessMemory request was completed. (0x12B)
[0819/011422:WARNING:pe_image_reader.cc(281)] could not read dos header from C:\Windows\system32\kernel.appcore.dll
[0819/011422:ERROR:process_reader_win.cc(233)] ReadMemory at 0x7ff980520000 of 64 bytes failed: Only part of a ReadProcessMemory or WriteProcessMemory request was completed. (0x12B)
[0819/011422:WARNING:pe_image_reader.cc(281)] could not read dos header from C:\Windows\system32\shcore.dll
[0819/011422:ERROR:process_reader_win.cc(233)] ReadMemory at 0x7ff97f880000 of 64 bytes failed: Only part of a ReadProcessMemory or WriteProcessMemory request was completed. (0x12B)
[0819/011422:WARNING:pe_image_reader.cc(281)] could not read dos header from C:\Windows\system32\powrprof.dll
[0819/011422:ERROR:process_reader_win.cc(233)] ReadMemory at 0x7ff97f8f0000 of 64 bytes failed: Only part of a ReadProcessMemory or WriteProcessMemory request was completed. (0x12B)
[0819/011422:WARNING:pe_image_reader.cc(281)] could not read dos header from C:\Windows\system32\windows.storage.dll
[0819/011422:ERROR:process_reader_win.cc(233)] ReadMemory at 0x7ff980c40000 of 64 bytes failed: Only part of a ReadProcessMemory or WriteProcessMemory request was completed. (0x12B)
[0819/011422:WARNING:pe_image_reader.cc(281)] could not read dos header from C:\Windows\system32\SHELL32.dll
[0819/011422:ERROR:process_reader_win.cc(233)] ReadMemory at 0x7ff9821a0000 of 64 bytes failed: Only part of a ReadProcessMemory or WriteProcessMemory request was completed. (0x12B)
[0819/011422:WARNING:pe_image_reader.cc(281)] could not read dos header from C:\Windows\system32\PSAPI.DLL
[0819/011422:ERROR:process_reader_win.cc(233)] ReadMemory at 0x7ff97f460000 of 64 bytes failed: Only part of a ReadProcessMemory or WriteProcessMemory request was completed. (0x12B)
[0819/011422:WARNING:pe_image_reader.cc(281)] could not read dos header from C:\Windows\SYSTEM32\bcrypt.dll
[0819/011422:ERROR:process_reader_win.cc(233)] ReadMemory at 0x7ff97bd70000 of 64 bytes failed: Only part of a ReadProcessMemory or WriteProcessMemory request was completed. (0x12B)
[0819/011422:WARNING:pe_image_reader.cc(281)] could not read dos header from C:\Windows\SYSTEM32\WINSPOOL.DRV
[0819/011422:ERROR:process_reader_win.cc(233)] ReadMemory at 0x7ff97be60000 of 64 bytes failed: Only part of a ReadProcessMemory or WriteProcessMemory request was completed. (0x12B)
[0819/011422:WARNING:pe_image_reader.cc(281)] could not read dos header from C:\Windows\WinSxS\amd64_microsoft.windows.common-controls_6595b64144ccf1df_6.0.10586.494_none_a2d8b04ea53e3145\COMCTL32.dll
[0819/011422:ERROR:process_reader_win.cc(233)] ReadMemory at 0x7ff980060000 of 64 bytes failed: Only part of a ReadProcessMemory or WriteProcessMemory request was completed. (0x12B)
[0819/011422:WARNING:pe_image_reader.cc(281)] could not read dos header from C:\Windows\system32\FirewallAPI.dll
[0819/011422:ERROR:process_reader_win.cc(233)] ReadMemory at 0x7ff97e5e0000 of 64 bytes failed: Only part of a ReadProcessMemory or WriteProcessMemory request was completed. (0x12B)
[0819/011422:WARNING:pe_image_reader.cc(281)] could not read dos header from C:\Windows\system32\fwbase.dll
[0819/011422:ERROR:process_reader_win.cc(233)] ReadMemory at 0x7ff9802c0000 of 64 bytes failed: Only part of a ReadProcessMemory or WriteProcessMemory request was completed. (0x12B)
[0819/011422:WARNING:pe_image_reader.cc(281)] could not read dos header from C:\Windows\system32\NETAPI32.dll
[0819/011422:ERROR:process_reader_win.cc(233)] ReadMemory at 0x7ff97db20000 of 64 bytes failed: Only part of a ReadProcessMemory or WriteProcessMemory request was completed. (0x12B)
[0819/011422:WARNING:pe_image_reader.cc(281)] could not read dos header from C:\Windows\SYSTEM32\DAVHLPR.DLL
[0819/011422:ERROR:process_reader_win.cc(233)] ReadMemory at 0x7ff980940000 of 64 bytes failed: Only part of a ReadProcessMemory or WriteProcessMemory request was completed. (0x12B)
[0819/011422:WARNING:pe_image_reader.cc(281)] could not read dos header from C:\Windows\system32\COMDLG32.dll
[0819/011422:ERROR:process_reader_win.cc(233)] ReadMemory at 0x7ff980a50000 of 64 bytes failed: Only part of a ReadProcessMemory or WriteProcessMemory request was completed. (0x12B)
[0819/011422:WARNING:pe_image_reader.cc(281)] could not read dos header from C:\Windows\system32\ole32.dll
[0819/011422:ERROR:process_reader_win.cc(233)] ReadMemory at 0x7ff97c9f0000 of 64 bytes failed: Only part of a ReadProcessMemory or WriteProcessMemory request was completed. (0x12B)
[0819/011422:WARNING:pe_image_reader.cc(281)] could not read dos header from C:\Windows\SYSTEM32\IPHLPAPI.DLL
[0819/011422:ERROR:process_reader_win.cc(233)] ReadMemory at 0x7ff97c450000 of 64 bytes failed: Only part of a ReadProcessMemory or WriteProcessMemory request was completed. (0x12B)
[0819/011422:WARNING:pe_image_reader.cc(281)] could not read dos header from C:\Windows\SYSTEM32\USP10.dll
[0819/011422:ERROR:process_reader_win.cc(233)] ReadMemory at 0x7ff97f8e0000 of 64 bytes failed: Only part of a ReadProcessMemory or WriteProcessMemory request was completed. (0x12B)
[0819/011422:WARNING:pe_image_reader.cc(281)] could not read dos header from C:\Windows\system32\MSASN1.dll
[0819/011422:ERROR:process_reader_win.cc(233)] ReadMemory at 0x7ff9800f0000 of 64 bytes failed: Only part of a ReadProcessMemory or WriteProcessMemory request was completed. (0x12B)
[0819/011422:WARNING:pe_image_reader.cc(281)] could not read dos header from C:\Windows\system32\CRYPT32.dll
[0819/011422:ERROR:process_reader_win.cc(233)] ReadMemory at 0x7ff9805e0000 of 64 bytes failed: Only part of a ReadProcessMemory or WriteProcessMemory request was completed. (0x12B)
[0819/011422:WARNING:pe_image_reader.cc(281)] could not read dos header from C:\Windows\system32\WINTRUST.dll
[0819/011422:ERROR:process_reader_win.cc(233)] ReadMemory at 0x7ff97c990000 of 64 bytes failed: Only part of a ReadProcessMemory or WriteProcessMemory request was completed. (0x12B)
[0819/011422:WARNING:pe_image_reader.cc(281)] could not read dos header from C:\Windows\SYSTEM32\Secur32.dll
[0819/011422:ERROR:process_reader_win.cc(233)] ReadMemory at 0x7ff97f570000 of 64 bytes failed: Only part of a ReadProcessMemory or WriteProcessMemory request was completed. (0x12B)
[0819/011422:WARNING:pe_image_reader.cc(281)] could not read dos header from C:\Windows\SYSTEM32\SSPICLI.DLL
[0819/011422:ERROR:process_reader_win.cc(233)] ReadMemory at 0x7ff9470a0000 of 64 bytes failed: Only part of a ReadProcessMemory or WriteProcessMemory request was completed. (0x12B)
[0819/011422:WARNING:pe_image_reader.cc(281)] could not read dos header from C:\Program Files (x86)\Google\Chrome\Application\52.0.2743.116\chrome_child.dll
[0819/011422:ERROR:process_reader_win.cc(233)] ReadMemory at 0x7ff978890000 of 64 bytes failed: Only part of a ReadProcessMemory or WriteProcessMemory request was completed. (0x12B)
[0819/011422:WARNING:pe_image_reader.cc(281)] could not read dos header from C:\Windows\SYSTEM32\dwrite.dll
[0819/011422:ERROR:process_reader_win.cc(142)] SuspendThread: Access is denied. (0x5)
[0819/011422:ERROR:process_reader_win.cc(233)] ReadMemory at 0x7ff6e6bc0000 of 64 bytes failed: Only part of a ReadProcessMemory or WriteProcessMemory request was completed. (0x12B)
[0819/011422:WARNING:pe_image_reader.cc(281)] could not read dos header from C:\Program Files (x86)\Google\Chrome\Application\chrome.exe
[0819/011422:ERROR:process_reader_win.cc(233)] ReadMemory at 0x7ff9802e0000 of 64 bytes failed: Only part of a ReadProcessMemory or WriteProcessMemory request was completed. (0x12B)
[0819/011422:WARNING:pe_image_reader.cc(281)] could not read dos header from C:\Windows\system32\KERNELBASE.dll
[0819/011422:ERROR:process_reader_win.cc(233)] ReadMemory at 0x7ff9821b0000 of 64 bytes failed: Only part of a ReadProcessMemory or WriteProcessMemory request was completed. (0x12B)
[0819/011422:WARNING:pe_image_reader.cc(281)] could not read dos header from C:\Windows\system32\KERNEL32.DLL
[0819/011422:ERROR:process_reader_win.cc(233)] ReadMemory at 0x7ff9822e0000 of 64 bytes failed: Only part of a ReadProcessMemory or WriteProcessMemory request was completed. (0x12B)
[0819/011422:WARNING:pe_image_reader.cc(281)] could not read dos header from C:\Windows\system32\RPCRT4.dll
[0819/011422:ERROR:process_reader_win.cc(233)] ReadMemory at 0x7ff97ff40000 of 64 bytes failed: Only part of a ReadProcessMemory or WriteProcessMemory request was completed. (0x12B)
[0819/011422:WARNING:pe_image_reader.cc(281)] could not read dos header from C:\Windows\system32\bcryptPrimitives.dll
[0819/011422:ERROR:process_reader_win.cc(233)] ReadMemory at 0x7ff97f360000 of 64 bytes failed: Only part of a ReadProcessMemory or WriteProcessMemory request was completed. (0x12B)
[0819/011422:WARNING:pe_image_reader.cc(281)] could not read dos header from C:\Windows\SYSTEM32\CRYPTBASE.DLL
[0819/011422:ERROR:process_reader_win.cc(233)] ReadMemory at 0x7ff97bd20000 of 64 bytes failed: Only part of a ReadProcessMemory or WriteProcessMemory request was completed. (0x12B)
[0819/011422:WARNING:pe_image_reader.cc(281)] could not read dos header from C:\Program Files (x86)\Google\Chrome\Application\52.0.2743.116\chrome_elf.dll
[0819/011422:ERROR:process_reader_win.cc(233)] ReadMemory at 0x7ff97c780000 of 64 bytes failed: Only part of a ReadProcessMemory or WriteProcessMemory request was completed. (0x12B)
[0819/011422:WARNING:pe_image_reader.cc(281)] could not read dos header from C:\Windows\SYSTEM32\VERSION.dll
[0819/011422:ERROR:process_reader_win.cc(233)] ReadMemory at 0x7ff9804d0000 of 64 bytes failed: Only part of a ReadProcessMemory or WriteProcessMemory request was completed. (0x12B)
[0819/011422:WARNING:pe_image_reader.cc(281)] could not read dos header from C:\Windows\system32\cfgmgr32.dll
[0819/011422:ERROR:process_reader_win.cc(233)] ReadMemory at 0x7ff97dab0000 of 64 bytes failed: Only part of a ReadProcessMemory or WriteProcessMemory request was completed. (0x12B)
[0819/011422:WARNING:pe_image_reader.cc(281)] could not read dos header from C:\Windows\SYSTEM32\WINMMBASE.dll
[0819/011422:ERROR:process_reader_win.cc(233)] ReadMemory at 0x7ff980c00000 of 64 bytes failed: Only part of a ReadProcessMemory or WriteProcessMemory request was completed. (0x12B)
[0819/011422:WARNING:pe_image_reader.cc(281)] could not read dos header from C:\Windows\system32\IMM32.DLL
[0819/011422:ERROR:process_reader_win.cc(233)] ReadMemory at 0x7ff97dae0000 of 64 bytes failed: Only part of a ReadProcessMemory or WriteProcessMemory request was completed. (0x12B)
[0819/011422:WARNING:pe_image_reader.cc(281)] could not read dos header from C:\Windows\SYSTEM32\WINMM.dll
[0819/011422:ERROR:process_reader_win.cc(233)] ReadMemory at 0x7ff97f860000 of 64 bytes failed: Only part of a ReadProcessMemory or WriteProcessMemory request was completed. (0x12B)
[0819/011422:WARNING:pe_image_reader.cc(281)] could not read dos header from C:\Windows\system32\profapi.dll
[0819/011422:ERROR:process_reader_win.cc(233)] ReadMemory at 0x7ff97f020000 of 64 bytes failed: Only part of a ReadProcessMemory or WriteProcessMemory request was completed. (0x12B)
[0819/011422:WARNING:pe_image_reader.cc(281)] could not read dos header from C:\Windows\SYSTEM32\USERENV.dll
[0819/011422:ERROR:process_reader_win.cc(233)] ReadMemory at 0x7ff97cf10000 of 64 bytes failed: Only part of a ReadProcessMemory or WriteProcessMemory request was completed. (0x12B)
[0819/011422:WARNING:pe_image_reader.cc(281)] could not read dos header from C:\Windows\SYSTEM32\WTSAPI32.dll
[0819/011422:ERROR:process_reader_win.cc(233)] ReadMemory at 0x7ff97c8c0000 of 64 bytes failed: Only part of a ReadProcessMemory or WriteProcessMemory request was completed. (0x12B)
[0819/011422:WARNING:pe_image_reader.cc(281)] could not read dos header from C:\Windows\SYSTEM32\WINHTTP.dll
[0819/011422:ERROR:process_reader_win.cc(233)] ReadMemory at 0x7ff9806c0000 of 64 bytes failed: Only part of a ReadProcessMemory or WriteProcessMemory request was completed. (0x12B)
[0819/011422:WARNING:pe_image_reader.cc(281)] could not read dos header from C:\Windows\system32\combase.dll
[0819/011422:ERROR:process_reader_win.cc(233)] ReadMemory at 0x7ff980660000 of 64 bytes failed: Only part of a ReadProcessMemory or WriteProcessMemory request was completed. (0x12B)
[0819/011422:WARNING:pe_image_reader.cc(281)] could not read dos header from C:\Windows\system32\shlwapi.dll
[0819/011422:ERROR:process_reader_win.cc(233)] ReadMemory at 0x7ff97f8d0000 of 64 bytes failed: Only part of a ReadProcessMemory or WriteProcessMemory request was completed. (0x12B)
[0819/011422:WARNING:pe_image_reader.cc(281)] could not read dos header from C:\Windows\system32\kernel.appcore.dll
[0819/011422:ERROR:process_reader_win.cc(233)] ReadMemory at 0x7ff980520000 of 64 bytes failed: Only part of a ReadProcessMemory or WriteProcessMemory request was completed. (0x12B)
[0819/011422:WARNING:pe_image_reader.cc(281)] could not read dos header from C:\Windows\system32\shcore.dll
[0819/011422:ERROR:process_reader_win.cc(233)] ReadMemory at 0x7ff97f880000 of 64 bytes failed: Only part of a ReadProcessMemory or WriteProcessMemory request was completed. (0x12B)
[0819/011422:WARNING:pe_image_reader.cc(281)] could not read dos header from C:\Windows\system32\powrprof.dll
[0819/011422:ERROR:process_reader_win.cc(233)] ReadMemory at 0x7ff97f8f0000 of 64 bytes failed: Only part of a ReadProcessMemory or WriteProcessMemory request was completed. (0x12B)
[0819/011422:WARNING:pe_image_reader.cc(281)] could not read dos header from C:\Windows\system32\windows.storage.dll
[0819/011422:ERROR:process_reader_win.cc(233)] ReadMemory at 0x7ff980c40000 of 64 bytes failed: Only part of a ReadProcessMemory or WriteProcessMemory request was completed. (0x12B)
[0819/011422:WARNING:pe_image_reader.cc(281)] could not read dos header from C:\Windows\system32\SHELL32.dll
[0819/011422:ERROR:process_reader_win.cc(233)] ReadMemory at 0x7ff9821a0000 of 64 bytes failed: Only part of a ReadProcessMemory or WriteProcessMemory request was completed. (0x12B)
[0819/011422:WARNING:pe_image_reader.cc(281)] could not read dos header from C:\Windows\system32\PSAPI.DLL
[0819/011422:ERROR:process_reader_win.cc(233)] ReadMemory at 0x7ff97f460000 of 64 bytes failed: Only part of a ReadProcessMemory or WriteProcessMemory request was completed. (0x12B)
[0819/011422:WARNING:pe_image_reader.cc(281)] could not read dos header from C:\Windows\SYSTEM32\bcrypt.dll
[0819/011422:ERROR:process_reader_win.cc(233)] ReadMemory at 0x7ff97bd70000 of 64 bytes failed: Only part of a ReadProcessMemory or WriteProcessMemory request was completed. (0x12B)
[0819/011422:WARNING:pe_image_reader.cc(281)] could not read dos header from C:\Windows\SYSTEM32\WINSPOOL.DRV
[0819/011422:ERROR:process_reader_win.cc(233)] ReadMemory at 0x7ff97be60000 of 64 bytes failed: Only part of a ReadProcessMemory or WriteProcessMemory request was completed. (0x12B)
[0819/011422:WARNING:pe_image_reader.cc(281)] could not read dos header from C:\Windows\WinSxS\amd64_microsoft.windows.common-controls_6595b64144ccf1df_6.0.10586.494_none_a2d8b04ea53e3145\COMCTL32.dll
[0819/011422:ERROR:process_reader_win.cc(233)] ReadMemory at 0x7ff980060000 of 64 bytes failed: Only part of a ReadProcessMemory or WriteProcessMemory request was completed. (0x12B)
[0819/011422:WARNING:pe_image_reader.cc(281)] could not read dos header from C:\Windows\system32\FirewallAPI.dll
[0819/011422:ERROR:process_reader_win.cc(233)] ReadMemory at 0x7ff97e5e0000 of 64 bytes failed: Only part of a ReadProcessMemory or WriteProcessMemory request was completed. (0x12B)
[0819/011422:WARNING:pe_image_reader.cc(281)] could not read dos header from C:\Windows\system32\fwbase.dll
[0819/011422:ERROR:process_reader_win.cc(233)] ReadMemory at 0x7ff9802c0000 of 64 bytes failed: Only part of a ReadProcessMemory or WriteProcessMemory request was completed. (0x12B)
[0819/011422:WARNING:pe_image_reader.cc(281)] could not read dos header from C:\Windows\system32\NETAPI32.dll
[0819/011422:ERROR:process_reader_win.cc(233)] ReadMemory at 0x7ff97db20000 of 64 bytes failed: Only part of a ReadProcessMemory or WriteProcessMemory request was completed. (0x12B)
[0819/011422:WARNING:pe_image_reader.cc(281)] could not read dos header from C:\Windows\SYSTEM32\DAVHLPR.DLL
[0819/011422:ERROR:process_reader_win.cc(233)] ReadMemory at 0x7ff980940000 of 64 bytes failed: Only part of a ReadProcessMemory or WriteProcessMemory request was completed. (0x12B)
[0819/011422:WARNING:pe_image_reader.cc(281)] could not read dos header from C:\Windows\system32\COMDLG32.dll
[0819/011422:ERROR:process_reader_win.cc(233)] ReadMemory at 0x7ff980a50000 of 64 bytes failed: Only part of a ReadProcessMemory or WriteProcessMemory request was completed. (0x12B)
[0819/011422:WARNING:pe_image_reader.cc(281)] could not read dos header from C:\Windows\system32\ole32.dll
[0819/011422:ERROR:process_reader_win.cc(233)] ReadMemory at 0x7ff97c9f0000 of 64 bytes failed: Only part of a ReadProcessMemory or WriteProcessMemory request was completed. (0x12B)
[0819/011422:WARNING:pe_image_reader.cc(281)] could not read dos header from C:\Windows\SYSTEM32\IPHLPAPI.DLL
[0819/011422:ERROR:process_reader_win.cc(233)] ReadMemory at 0x7ff97c450000 of 64 bytes failed: Only part of a ReadProcessMemory or WriteProcessMemory request was completed. (0x12B)
[0819/011422:WARNING:pe_image_reader.cc(281)] could not read dos header from C:\Windows\SYSTEM32\USP10.dll
[0819/011422:ERROR:process_reader_win.cc(233)] ReadMemory at 0x7ff97f8e0000 of 64 bytes failed: Only part of a ReadProcessMemory or WriteProcessMemory request was completed. (0x12B)
[0819/011422:WARNING:pe_image_reader.cc(281)] could not read dos header from C:\Windows\system32\MSASN1.dll
[0819/011422:ERROR:process_reader_win.cc(233)] ReadMemory at 0x7ff9800f0000 of 64 bytes failed: Only part of a ReadProcessMemory or WriteProcessMemory request was completed. (0x12B)
[0819/011422:WARNING:pe_image_reader.cc(281)] could not read dos header from C:\Windows\system32\CRYPT32.dll
[0819/011422:ERROR:process_reader_win.cc(233)] ReadMemory at 0x7ff9805e0000 of 64 bytes failed: Only part of a ReadProcessMemory or WriteProcessMemory request was completed. (0x12B)
[0819/011422:WARNING:pe_image_reader.cc(281)] could not read dos header from C:\Windows\system32\WINTRUST.dll
[0819/011422:ERROR:process_reader_win.cc(233)] ReadMemory at 0x7ff97c990000 of 64 bytes failed: Only part of a ReadProcessMemory or WriteProcessMemory request was completed. (0x12B)
[0819/011422:WARNING:pe_image_reader.cc(281)] could not read dos header from C:\Windows\SYSTEM32\Secur32.dll
[0819/011422:ERROR:process_reader_win.cc(233)] ReadMemory at 0x7ff97f570000 of 64 bytes failed: Only part of a ReadProcessMemory or WriteProcessMemory request was completed. (0x12B)
[0819/011422:WARNING:pe_image_reader.cc(281)] could not read dos header from C:\Windows\SYSTEM32\SSPICLI.DLL
[0819/011422:ERROR:process_reader_win.cc(233)] ReadMemory at 0x7ff9470a0000 of 64 bytes failed: Only part of a ReadProcessMemory or WriteProcessMemory request was completed. (0x12B)
[0819/011422:WARNING:pe_image_reader.cc(281)] could not read dos header from C:\Program Files (x86)\Google\Chrome\Application\52.0.2743.116\chrome_child.dll
[0819/011422:ERROR:process_reader_win.cc(233)] ReadMemory at 0x7ff978890000 of 64 bytes failed: Only part of a ReadProcessMemory or WriteProcessMemory request was completed. (0x12B)
[0819/011422:WARNING:pe_image_reader.cc(281)] could not read dos header from C:\Windows\SYSTEM32\dwrite.dll
[0819/011422:ERROR:process_reader_win.cc(233)] ReadMemory at 0x7ff6e6ca9170 of 12 bytes failed: Only part of a ReadProcessMemory or WriteProcessMemory request was completed. (0x12B)
[0819/011422:WARNING:process_snapshot_win.cc(104)] ReadMemory ExceptionInformation failed
[0819/011422:WARNING:crash_report_exception_handler.cc(60)] ProcessSnapshotWin::InitializeException failed
[0819/011422:ERROR:scoped_process_suspend.cc(38)] NtResumeProcess, ntstatus=-1073741558
